flash-chat-flutter/build/app/intermediates/manifest_merge_blame_file/debug/manifest-merger-blame-debug-report.txt
1<?xml version="1.0" encoding="utf-8"?>
2<manifest xmlns:android="http://schemas.android.com/apk/res/android"
3    package="com.DianaTanase.flash_chat"
4    android:versionCode="1"
5    android:versionName="1.0.0" >
6
7    <uses-sdk
8        android:minSdkVersion="16"
9        android:targetSdkVersion="33" />
10    <!--
11         The INTERNET permission is required for development. Specifically,
12         the Flutter tool needs it to communicate with the running application
13         to allow setting breakpoints, to provide hot reload, etc.
14    -->
15    <uses-permission android:name="android.permission.INTERNET" />
15-->src\main\AndroidManifest.xml:3:5-66
15-->src\main\AndroidManifest.xml:3:22-64
16    <uses-permission android:name="android.permission.ACCESS_COARSE_LOCATION" />
16-->src\main\AndroidManifest.xml:2:5-81
16-->src\main\AndroidManifest.xml:2:22-78
17    <uses-permission android:name="android.permission.ACCESS_NETWORK_STATE" />
17-->src\main\AndroidManifest.xml:4:5-79
17-->src\main\AndroidManifest.xml:4:22-76
18    <uses-permission android:name="android.permission.WAKE_LOCK" />
18-->[com.google.firebase:firebase-measurement-connector-impl:16.0.1] AndroidManifest.xml:24:5-68
18-->[com.google.firebase:firebase-measurement-connector-impl:16.0.1] AndroidManifest.xml:24:22-65
19    <uses-permission android:name="com.google.android.finsky.permission.BIND_GET_INSTALL_REFERRER_SERVICE" /> <!-- Required by older versions of Google Play services to create IID tokens -->
19-->[com.google.firebase:firebase-analytics:16.0.1] AndroidManifest.xml:26:5-110
19-->[com.google.firebase:firebase-analytics:16.0.1] AndroidManifest.xml:26:22-107
20    <uses-permission android:name="com.google.android.c2dm.permission.RECEIVE" />
20-->[com.google.firebase:firebase-iid:16.0.0] AndroidManifest.xml:26:5-82
20-->[com.google.firebase:firebase-iid:16.0.0] AndroidManifest.xml:26:22-79
21
22    <permission
22-->[com.google.firebase:firebase-iid:16.0.0] AndroidManifest.xml:28:5-30:47
23        android:name="com.DianaTanase.flash_chat.permission.C2D_MESSAGE"
23-->[com.google.firebase:firebase-iid:16.0.0] AndroidManifest.xml:29:9-63
24        android:protectionLevel="signature" />
24-->[com.google.firebase:firebase-iid:16.0.0] AndroidManifest.xml:30:9-44
25
26    <uses-permission android:name="com.DianaTanase.flash_chat.permission.C2D_MESSAGE" />
26-->[com.google.firebase:firebase-iid:16.0.0] AndroidManifest.xml:32:5-79
26-->[com.google.firebase:firebase-iid:16.0.0] AndroidManifest.xml:32:22-76
27
28    <application
29        android:name="android.app.Application"
30        android:appComponentFactory="androidx.core.app.CoreComponentFactory"
30-->[androidx.core:core:1.6.0] AndroidManifest.xml:24:18-86
31        android:debuggable="true"
32        android:icon="@mipmap/ic_launcher"
33        android:label="i_am_poor" >
34        <activity
35            android:name="com.example.i_am_poor.MainActivity"
36            android:configChanges="orientation|keyboardHidden|keyboard|screenSize|smallestScreenSize|locale|layoutDirection|fontScale|screenLayout|density|uiMode"
37            android:exported="true"
38            android:hardwareAccelerated="true"
39            android:launchMode="singleTop"
40            android:theme="@style/LaunchTheme"
41            android:windowSoftInputMode="adjustResize" >
42
43            <!--
44                 Specifies an Android theme to apply to this Activity as soon as
45                 the Android process has started. This theme is visible to the user
46                 while the Flutter UI initializes. After that, this theme continues
47                 to determine the Window background behind the Flutter UI.
48            -->
49            <meta-data
50                android:name="io.flutter.embedding.android.NormalTheme"
51                android:resource="@style/NormalTheme" />
52
53            <intent-filter>
54                <action android:name="android.intent.action.MAIN" />
55
56                <category android:name="android.intent.category.LAUNCHER" />
57            </intent-filter>
58        </activity>
59        <!--
60             Don't delete the meta-data below.
61             This is used by the Flutter tool to generate GeneratedPluginRegistrant.java
62        -->
63        <meta-data
64            android:name="flutterEmbedding"
65            android:value="2" />
66
67        <uses-library
67-->[androidx.window:window:1.0.0-beta04] AndroidManifest.xml:25:9-27:40
68            android:name="androidx.window.extensions"
68-->[androidx.window:window:1.0.0-beta04] AndroidManifest.xml:26:13-54
69            android:required="false" />
69-->[androidx.window:window:1.0.0-beta04] AndroidManifest.xml:27:13-37
70        <uses-library
70-->[androidx.window:window:1.0.0-beta04] AndroidManifest.xml:28:9-30:40
71            android:name="androidx.window.sidecar"
71-->[androidx.window:window:1.0.0-beta04] AndroidManifest.xml:29:13-51
72            android:required="false" />
72-->[androidx.window:window:1.0.0-beta04] AndroidManifest.xml:30:13-37
73
74        <service android:name="com.google.firebase.components.ComponentDiscoveryService" >
74-->[com.google.firebase:firebase-measurement-connector-impl:16.0.1] AndroidManifest.xml:27:9-31:19
74-->[com.google.firebase:firebase-measurement-connector-impl:16.0.1] AndroidManifest.xml:27:18-89
75            <meta-data
75-->[com.google.firebase:firebase-measurement-connector-impl:16.0.1] AndroidManifest.xml:28:13-30:85
76                android:name="com.google.firebase.components:com.google.firebase.analytics.connector.internal.AnalyticsConnectorRegistrar"
76-->[com.google.firebase:firebase-measurement-connector-impl:16.0.1] AndroidManifest.xml:29:17-139
77                android:value="com.google.firebase.components.ComponentRegistrar" />
77-->[com.google.firebase:firebase-measurement-connector-impl:16.0.1] AndroidManifest.xml:30:17-82
78            <meta-data
78-->[com.google.firebase:firebase-iid:16.0.0] AndroidManifest.xml:36:13-38:85
79                android:name="com.google.firebase.components:com.google.firebase.iid.Registrar"
79-->[com.google.firebase:firebase-iid:16.0.0] AndroidManifest.xml:37:17-96
80                android:value="com.google.firebase.components.ComponentRegistrar" />
80-->[com.google.firebase:firebase-iid:16.0.0] AndroidManifest.xml:38:17-82
81        </service>
82
83        <receiver
83-->[com.google.firebase:firebase-analytics:16.0.1] AndroidManifest.xml:29:9-33:20
84            android:name="com.google.android.gms.measurement.AppMeasurementReceiver"
84-->[com.google.firebase:firebase-analytics:16.0.1] AndroidManifest.xml:30:13-85
85            android:enabled="true"
85-->[com.google.firebase:firebase-analytics:16.0.1] AndroidManifest.xml:31:13-35
86            android:exported="false" >
86-->[com.google.firebase:firebase-analytics:16.0.1] AndroidManifest.xml:32:13-37
87        </receiver>
88        <receiver
88-->[com.google.firebase:firebase-analytics:16.0.1] AndroidManifest.xml:34:9-42:20
89            android:name="com.google.android.gms.measurement.AppMeasurementInstallReferrerReceiver"
89-->[com.google.firebase:firebase-analytics:16.0.1] AndroidManifest.xml:35:13-100
90            android:enabled="true"
90-->[com.google.firebase:firebase-analytics:16.0.1] AndroidManifest.xml:36:13-35
91            android:exported="true"
91-->[com.google.firebase:firebase-analytics:16.0.1] AndroidManifest.xml:37:13-36
92            android:permission="android.permission.INSTALL_PACKAGES" >
92-->[com.google.firebase:firebase-analytics:16.0.1] AndroidManifest.xml:38:13-69
93            <intent-filter>
93-->[com.google.firebase:firebase-analytics:16.0.1] AndroidManifest.xml:39:13-41:29
94                <action android:name="com.android.vending.INSTALL_REFERRER" />
94-->[com.google.firebase:firebase-analytics:16.0.1] AndroidManifest.xml:40:17-79
94-->[com.google.firebase:firebase-analytics:16.0.1] AndroidManifest.xml:40:25-76
95            </intent-filter>
96        </receiver>
97
98        <service
98-->[com.google.firebase:firebase-analytics:16.0.1] AndroidManifest.xml:44:9-47:40
99            android:name="com.google.android.gms.measurement.AppMeasurementService"
99-->[com.google.firebase:firebase-analytics:16.0.1] AndroidManifest.xml:45:13-84
100            android:enabled="true"
100-->[com.google.firebase:firebase-analytics:16.0.1] AndroidManifest.xml:46:13-35
101            android:exported="false" />
101-->[com.google.firebase:firebase-analytics:16.0.1] AndroidManifest.xml:47:13-37
102        <service
102-->[com.google.firebase:firebase-analytics:16.0.1] AndroidManifest.xml:48:9-52:72
103            android:name="com.google.android.gms.measurement.AppMeasurementJobService"
103-->[com.google.firebase:firebase-analytics:16.0.1] AndroidManifest.xml:49:13-87
104            android:enabled="true"
104-->[com.google.firebase:firebase-analytics:16.0.1] AndroidManifest.xml:50:13-35
105            android:exported="false"
105-->[com.google.firebase:firebase-analytics:16.0.1] AndroidManifest.xml:51:13-37
106            android:permission="android.permission.BIND_JOB_SERVICE" />
106-->[com.google.firebase:firebase-analytics:16.0.1] AndroidManifest.xml:52:13-69
107
108        <receiver
108-->[com.google.firebase:firebase-iid:16.0.0] AndroidManifest.xml:41:9-50:20
109            android:name="com.google.firebase.iid.FirebaseInstanceIdReceiver"
109-->[com.google.firebase:firebase-iid:16.0.0] AndroidManifest.xml:42:13-78
110            android:exported="true"
110-->[com.google.firebase:firebase-iid:16.0.0] AndroidManifest.xml:43:13-36
111            android:permission="com.google.android.c2dm.permission.SEND" >
111-->[com.google.firebase:firebase-iid:16.0.0] AndroidManifest.xml:44:13-73
112            <intent-filter>
112-->[com.google.firebase:firebase-iid:16.0.0] AndroidManifest.xml:45:13-49:29
113                <action android:name="com.google.android.c2dm.intent.RECEIVE" />
113-->[com.google.firebase:firebase-iid:16.0.0] AndroidManifest.xml:46:17-81
113-->[com.google.firebase:firebase-iid:16.0.0] AndroidManifest.xml:46:25-78
114
115                <category android:name="com.DianaTanase.flash_chat" />
115-->[com.google.firebase:firebase-iid:16.0.0] AndroidManifest.xml:48:17-61
115-->[com.google.firebase:firebase-iid:16.0.0] AndroidManifest.xml:48:27-58
116            </intent-filter>
117        </receiver>
118        <!--
119             FirebaseInstanceIdService performs security checks at runtime,
120             no need for explicit permissions despite exported="true"
121        -->
122        <service
122-->[com.google.firebase:firebase-iid:16.0.0] AndroidManifest.xml:56:9-62:19
123            android:name="com.google.firebase.iid.FirebaseInstanceIdService"
123-->[com.google.firebase:firebase-iid:16.0.0] AndroidManifest.xml:57:13-77
124            android:exported="true" >
124-->[com.google.firebase:firebase-iid:16.0.0] AndroidManifest.xml:58:13-36
125            <intent-filter android:priority="-500" >
125-->[com.google.firebase:firebase-iid:16.0.0] AndroidManifest.xml:59:13-61:29
125-->[com.google.firebase:firebase-iid:16.0.0] AndroidManifest.xml:59:28-51
126                <action android:name="com.google.firebase.INSTANCE_ID_EVENT" />
126-->[com.google.firebase:firebase-iid:16.0.0] AndroidManifest.xml:60:17-80
126-->[com.google.firebase:firebase-iid:16.0.0] AndroidManifest.xml:60:25-77
127            </intent-filter>
128        </service>
129
130        <provider
130-->[com.google.firebase:firebase-common:16.0.0] AndroidManifest.xml:9:9-13:39
131            android:name="com.google.firebase.provider.FirebaseInitProvider"
131-->[com.google.firebase:firebase-common:16.0.0] AndroidManifest.xml:10:13-77
132            android:authorities="com.DianaTanase.flash_chat.firebaseinitprovider"
132-->[com.google.firebase:firebase-common:16.0.0] AndroidManifest.xml:11:13-72
133            android:exported="false"
133-->[com.google.firebase:firebase-common:16.0.0] AndroidManifest.xml:12:13-37
134            android:initOrder="100" />
134-->[com.google.firebase:firebase-common:16.0.0] AndroidManifest.xml:13:13-36
135
136        <activity
136-->[com.google.android.gms:play-services-base:15.0.1] AndroidManifest.xml:23:9-26:75
137            android:name="com.google.android.gms.common.api.GoogleApiActivity"
137-->[com.google.android.gms:play-services-base:15.0.1] AndroidManifest.xml:24:13-79
138            android:exported="false"
138-->[com.google.android.gms:play-services-base:15.0.1] AndroidManifest.xml:25:13-37
139            android:theme="@android:style/Theme.Translucent.NoTitleBar" />
139-->[com.google.android.gms:play-services-base:15.0.1] AndroidManifest.xml:26:13-72
140
141        <meta-data
141-->[com.google.android.gms:play-services-basement:15.0.1] AndroidManifest.xml:23:9-25:69
142            android:name="com.google.android.gms.version"
142-->[com.google.android.gms:play-services-basement:15.0.1] AndroidManifest.xml:24:13-58
143            android:value="@integer/google_play_services_version" />
143-->[com.google.android.gms:play-services-basement:15.0.1] AndroidManifest.xml:25:13-66
144    </application>
145
146</manifest>